2022-02-24T15:23:40.123Z [/home/ideapad/mini-project/grievance_api/app.js] [34mdebug[39m::: Server Started At 1234
2022-02-24T15:24:25.082Z [/home/ideapad/mini-project/grievance_api/app.js] [34mdebug[39m::: Server Started At 1122
2022-02-24T15:26:06.564Z [/home/ideapad/mini-project/grievance_api/app.js] [34mdebug[39m::: Server Started At 1122
2022-02-24T15:27:52.084Z [/home/ideapad/mini-project/grievance_api/app.js] [34mdebug[39m::: Server Started At 1122
2022-02-24T15:29:28.651Z [/home/ideapad/mini-project/grievance_api/app.js] [34mdebug[39m::: Server Started At 1122
2022-02-24T15:31:17.643Z [/home/ideapad/mini-project/grievance_api/app.js] [34mdebug[39m::: Server Started At 1122
2022-02-24T15:33:07.497Z [/home/ideapad/mini-project/grievance_api/controllers/complaintscontroller.js] [34mdebug[39m::: Body is {"name":"Bhole baba","enrollment":"5485854","mobile":"787848484","programme":"MCA","comments":"enrollment not fond"}
2022-02-24T17:10:34.410Z [/home/ideapad/mini-project/grievance_api/app.js] [34mdebug[39m::: Server Started At 1122
2022-02-25T04:50:18.858Z [/home/ideapad/mini-project/grievance_api/app.js] [34mdebug[39m::: Server Started At 1122
2022-02-25T07:49:22.702Z [/home/ideapad/mini-project/grievance_api/app.js] [34mdebug[39m::: Server Started At 1122
2022-02-25T07:52:43.685Z [/home/ideapad/mini-project/grievance_api/controllers/complaintscontroller.js] [34mdebug[39m::: Body is {"name":"Bhole ka dukan","enrollment":"5485854","mobile":"787848484","programme":"MCA","comments":"enrollment not fond"}
2022-02-25T08:45:34.349Z [/home/ideapad/mini-project/grievance_api/app.js] [34mdebug[39m::: Server Started At 1122
2022-02-25T08:45:55.371Z [/home/ideapad/mini-project/grievance_api/app.js] [34mdebug[39m::: Server Started At 1122
2022-02-25T08:46:28.834Z [/home/ideapad/mini-project/grievance_api/app.js] [34mdebug[39m::: Server Started At 1122
2022-02-25T08:47:21.128Z [/home/ideapad/mini-project/grievance_api/app.js] [34mdebug[39m::: Server Started At 1122
2022-02-25T08:48:19.829Z [/home/ideapad/mini-project/grievance_api/app.js] [34mdebug[39m::: Server Started At 1122
2022-02-25T08:49:37.281Z [/home/ideapad/mini-project/grievance_api/controllers/complaintscontroller.js] [34mdebug[39m::: Body is {"subject":"admission","name":"Bhole ka dukan","enrollment":"5485854","mobile":"787848484","email":"jgf@mail.com","programme":"MCA","comments":"enrollment not fond"}
2022-02-25T08:51:22.028Z [/home/ideapad/mini-project/grievance_api/app.js] [34mdebug[39m::: Server Started At 1122
2022-02-25T08:51:32.772Z [/home/ideapad/mini-project/grievance_api/controllers/complaintscontroller.js] [34mdebug[39m::: Body is {"subject":"admission","name":"Bhole ka dukan","enrollment":"5485854","mobile":"787848484","email":"jgf@mail.com","programme":"MCA","comments":"enrollment not fond"}
2022-02-25T08:52:08.197Z [/home/ideapad/mini-project/grievance_api/app.js] [34mdebug[39m::: Server Started At 1122
2022-02-25T08:52:20.710Z [/home/ideapad/mini-project/grievance_api/app.js] [34mdebug[39m::: Server Started At 1122
2022-02-25T08:59:13.974Z [/home/ideapad/mini-project/grievance_api/app.js] [34mdebug[39m::: Server Started At 1122
2022-02-25T08:59:18.960Z [/home/ideapad/mini-project/grievance_api/controllers/complaintscontroller.js] [34mdebug[39m::: Body is {"subject":"admission","name":"Bhole ka dukan","enrollment":"5485854","mobile":"787848484","email":"jgf@mail.com","programme":"MCA","comments":"enrollment not fond"}
2022-02-25T09:00:01.172Z [/home/ideapad/mini-project/grievance_api/controllers/complaintscontroller.js] [34mdebug[39m::: Body is {"subject":"admission","name":"Bhole ka dukan","enrollment":"5485854","mobile":"787848484","email":"jgfmail.com","programme":"MCA","comments":"enrollment not fond"}
2022-02-25T09:01:43.390Z [/home/ideapad/mini-project/grievance_api/app.js] [34mdebug[39m::: Server Started At 1122
2022-02-25T09:01:49.255Z [/home/ideapad/mini-project/grievance_api/controllers/complaintscontroller.js] [34mdebug[39m::: Body is {"subject":"admission","name":"Bhole ka dukan","enrollment":"5485854","mobile":"787848484","email":"jgfmail.com","programme":"MCA","comments":"enrollment not fond"}
2022-02-25T09:02:44.033Z [/home/ideapad/mini-project/grievance_api/app.js] [34mdebug[39m::: Server Started At 1122
2022-02-25T09:02:57.462Z [/home/ideapad/mini-project/grievance_api/app.js] [34mdebug[39m::: Server Started At 1122
2022-02-25T09:03:05.877Z [/home/ideapad/mini-project/grievance_api/app.js] [34mdebug[39m::: Server Started At 1122
2022-02-25T09:03:17.862Z [/home/ideapad/mini-project/grievance_api/controllers/complaintscontroller.js] [34mdebug[39m::: Body is {"subject":"admission","name":"Bhole ka dukan","enrollment":"5485854","mobile":"787848484","email":"jgfmail.com","programme":"MCA","comments":"enrollment not fond"}
2022-02-25T09:05:16.193Z [/home/ideapad/mini-project/grievance_api/app.js] [34mdebug[39m::: Server Started At 1122
2022-02-25T09:05:22.402Z [/home/ideapad/mini-project/grievance_api/controllers/complaintscontroller.js] [34mdebug[39m::: Body is {"subject":"admission","name":"Bhole ka dukan","enrollment":"5485854","mobile":"787848484","email":"jgfmail.com","programme":"MCA","comments":"enrollment not fond"}
2022-02-25T09:07:55.355Z [/home/ideapad/mini-project/grievance_api/app.js] [34mdebug[39m::: Server Started At 1122
2022-02-25T09:07:57.907Z [/home/ideapad/mini-project/grievance_api/app.js] [34mdebug[39m::: Server Started At 1122
2022-02-25T09:08:05.051Z [/home/ideapad/mini-project/grievance_api/controllers/complaintscontroller.js] [34mdebug[39m::: Body is {"subject":"admission","name":"Bhole ka dukan","enrollment":"5485854","mobile":"787848484","email":"jgfmail.com","programme":"MCA","comments":"enrollment not fond"}
2022-02-25T09:08:13.706Z [/home/ideapad/mini-project/grievance_api/controllers/complaintscontroller.js] [34mdebug[39m::: Body is {"subject":"admission","name":"Bhole ka dukan","enrollment":"5485854","mobile":"787848484","emailid":"jgfmail.com","programme":"MCA","comments":"enrollment not fond"}
2022-02-25T09:10:26.846Z [/home/ideapad/mini-project/grievance_api/app.js] [34mdebug[39m::: Server Started At 1122
2022-02-25T09:10:34.075Z [/home/ideapad/mini-project/grievance_api/app.js] [34mdebug[39m::: Server Started At 1122
2022-02-25T09:10:41.078Z [/home/ideapad/mini-project/grievance_api/controllers/complaintscontroller.js] [34mdebug[39m::: Body is {"subject":"admission","name":"Bhole ka dukan","enrollment":"5485854","mobile":"787848484","emailid":"jgfmail.com","programme":"MCA","comments":"enrollment not fond"}
2022-02-25T09:11:18.398Z [/home/ideapad/mini-project/grievance_api/controllers/complaintscontroller.js] [34mdebug[39m::: Body is {"subject":"admission","name":"Bhole ka dukan","enrollment":"5485854","mobile":"787848484","emailid":"jgf@mail.com","programme":"MCA","comments":"enrollment not fond"}
2022-02-25T10:09:11.977Z [/home/ideapad/mini-project/grievance_api/app.js] [34mdebug[39m::: Server Started At 1122
2022-02-25T10:09:44.201Z [/home/ideapad/mini-project/grievance_api/controllers/complaintscontroller.js] [34mdebug[39m::: Body is {"subject":"admission","name":"Bhole ka dukan","enrollment":"5485854","mobile":"787848484","emailid":"jgf@mail.com","programme":"MCA","comments":"enrollment not fond"}
2022-02-25T17:04:51.610Z [/home/ideapad/mini-project/grievance_api/app.js] [34mdebug[39m::: Server Started At 1122
2022-02-25T17:22:28.892Z [/home/ideapad/mini-project/grievance_api/app.js] [34mdebug[39m::: Server Started At 1122
2022-02-25T17:31:32.858Z [/home/ideapad/mini-project/grievance_api/controllers/complaintscontroller.js] [34mdebug[39m::: Body is {"subject":"admission","name":"Bhole ka dukan","enrollment":"5485854","mobile":"787848484","emailid":"jgf@mail.com","programme":"MCA","comments":"enrollment not fond"}
2022-02-25T18:38:11.185Z [/home/ideapad/mini-project/grievance_api/app.js] [34mdebug[39m::: Server Started At 1122
2022-02-25T19:07:53.287Z [/home/ideapad/mini-project/grievance_api/controllers/complaintscontroller.js] [34mdebug[39m::: Body is {"subject":"Id Card","name":"Nitish kumar","enrollment":"2000195550","mobile":"9934478949","emailid":"edx.nitish@gmail.com","programme":"MCA","comments":"All good"}
2022-02-25T19:09:34.177Z [/home/ideapad/mini-project/grievance_api/controllers/complaintscontroller.js] [34mdebug[39m::: Body is {"subject":"Assignments","name":"Nitish kumar","enrollment":"2000195550","mobile":"9934478949","emailid":"edx.nitish@gmail.com","programme":"MCA","comments":"All good"}
2022-02-25T19:12:19.267Z [/home/ideapad/mini-project/grievance_api/controllers/complaintscontroller.js] [34mdebug[39m::: Body is {"subject":"Assignments","name":"Nitish kumar","enrollment":"2000195550","mobile":"9934478949","emailid":"edx.nitish@gmail.com","programme":"MCA","comments":"no issue"}
2022-02-25T19:13:53.868Z [/home/ideapad/mini-project/grievance_api/controllers/complaintscontroller.js] [34mdebug[39m::: Body is {"subject":"Assignments","name":"Nitish kumar","enrollment":"2000195550","mobile":"9934478949","emailid":"edx.nitish@gmail.com","programme":"MCA","comments":"fgjflujhm "}
2022-02-25T20:02:21.681Z [/home/ideapad/mini-project/grievance_api/app.js] [34mdebug[39m::: Server Started At 1122
2022-02-25T20:02:52.704Z [/home/ideapad/mini-project/grievance_api/controllers/complaintscontroller.js] [34mdebug[39m::: Body is {"subject":"baba","name":"weda","enrollment":"fde","mobile":"edfef","emailid":"ewfdc","programme":"efwa","comments":"weads"}
2022-02-25T20:34:50.879Z [/home/ideapad/mini-project/grievance_api/app.js] [34mdebug[39m::: Server Started At 1122
2022-02-26T07:21:11.405Z [/home/ideapad/mini-project/grievance_api/app.js] [34mdebug[39m::: Server Started At 1122
2022-02-26T07:58:46.899Z [/home/ideapad/mini-project/grievance_api/controllers/complaintscontroller.js] [34mdebug[39m::: Body is {"subject":"english","name":"komal","enrollment":"5656","mobile":"56894564646","emailid":"jdakjmn@fjafa.com","programme":"fahfakf","comments":"dajkhfajkfh"}
2022-02-26T08:16:32.818Z [/home/ideapad/mini-project/grievance_api/controllers/complaintscontroller.js] [34mdebug[39m::: Body is {"subject":"saab","name":"kjhgc","enrollment":"lkj","mobile":"ljkhg","emailid":"lkjhgf","programme":"kjhg","comments":"hfg"}
2022-02-27T09:36:49.616Z [/home/ideapad/mini-project/grievance_api/app.js] [34mdebug[39m::: Server Started At 1122
2022-02-27T09:36:59.602Z [/home/ideapad/mini-project/grievance_api/controllers/complaintscontroller.js] [34mdebug[39m::: Body is {"subject":"Assignment","name":"","enrollment":"","mobile":"","emailid":"","programme":"","comments":""}
2022-02-27T09:37:37.692Z [/home/ideapad/mini-project/grievance_api/controllers/complaintscontroller.js] [34mdebug[39m::: Body is {"subject":"Assignment","name":"yhrrrrrrr","enrollment":"55","mobile":"y","emailid":"y","programme":"rfhdy","comments":"rrrfchd"}
2022-02-27T09:37:39.262Z [/home/ideapad/mini-project/grievance_api/controllers/complaintscontroller.js] [34mdebug[39m::: Body is {"subject":"Assignment","name":"yhrrrrrrr","enrollment":"55","mobile":"y","emailid":"y","programme":"rfhdy","comments":"rrrfchd"}
2022-02-27T09:37:40.759Z [/home/ideapad/mini-project/grievance_api/controllers/complaintscontroller.js] [34mdebug[39m::: Body is {"subject":"Assignment","name":"yhrrrrrrr","enrollment":"55","mobile":"y","emailid":"y","programme":"rfhdy","comments":"rrrfchd"}
2022-02-27T09:37:42.239Z [/home/ideapad/mini-project/grievance_api/controllers/complaintscontroller.js] [34mdebug[39m::: Body is {"subject":"Assignment","name":"yhrrrrrrr","enrollment":"55","mobile":"y","emailid":"y","programme":"rfhdy","comments":"rrrfchd"}
2022-02-27T09:37:42.769Z [/home/ideapad/mini-project/grievance_api/controllers/complaintscontroller.js] [34mdebug[39m::: Body is {"subject":"Assignment","name":"yhrrrrrrr","enrollment":"55","mobile":"y","emailid":"y","programme":"rfhdy","comments":"rrrfchd"}
2022-02-27T09:37:43.022Z [/home/ideapad/mini-project/grievance_api/controllers/complaintscontroller.js] [34mdebug[39m::: Body is {"subject":"Assignment","name":"yhrrrrrrr","enrollment":"55","mobile":"y","emailid":"y","programme":"rfhdy","comments":"rrrfchd"}
2022-02-27T09:38:38.062Z [/home/ideapad/mini-project/grievance_api/controllers/complaintscontroller.js] [34mdebug[39m::: Body is {"subject":"Assignment","name":"","enrollment":"","mobile":"","emailid":"","programme":"","comments":""}
2022-02-27T09:39:57.624Z [/home/ideapad/mini-project/grievance_api/controllers/complaintscontroller.js] [34mdebug[39m::: Body is {"subject":"Assignment","name":"","enrollment":"","mobile":"","emailid":"","programme":"","comments":""}
2022-02-27T09:39:58.398Z [/home/ideapad/mini-project/grievance_api/controllers/complaintscontroller.js] [34mdebug[39m::: Body is {"subject":"Assignment","name":"","enrollment":"","mobile":"","emailid":"","programme":"","comments":""}
2022-02-27T09:39:58.674Z [/home/ideapad/mini-project/grievance_api/controllers/complaintscontroller.js] [34mdebug[39m::: Body is {"subject":"Assignment","name":"","enrollment":"","mobile":"","emailid":"","programme":"","comments":""}
2022-02-27T09:40:01.369Z [/home/ideapad/mini-project/grievance_api/controllers/complaintscontroller.js] [34mdebug[39m::: Body is {"subject":"Assignment","name":"","enrollment":"","mobile":"","emailid":"","programme":"","comments":""}
2022-02-27T09:51:52.300Z [/home/ideapad/mini-project/grievance_api/controllers/complaintscontroller.js] [34mdebug[39m::: Body is {"subject":"Assignment","name":"","enrollment":"","mobile":"","emailid":"","programme":"","comments":""}
2022-02-27T10:00:34.339Z [/home/ideapad/mini-project/grievance_api/controllers/complaintscontroller.js] [34mdebug[39m::: Body is {"subject":"Assignment","name":"","enrollment":"","mobile":"","emailid":"","programme":"","comments":""}
2022-02-27T10:00:44.679Z [/home/ideapad/mini-project/grievance_api/controllers/complaintscontroller.js] [34mdebug[39m::: Body is {"subject":"Assignment","name":"ert","enrollment":"rtr","mobile":"tre","emailid":"rte","programme":"rte","comments":""}
2022-02-27T10:04:09.546Z [/home/ideapad/mini-project/grievance_api/controllers/complaintscontroller.js] [34mdebug[39m::: Body is {"subject":"Assignment","name":"Nitish kumar","enrollment":"2000195550","mobile":"9934478949","emailid":"edx.nitish@gmail.com","programme":"MCA","comments":"sargwestud"}
2022-02-27T10:04:11.480Z [/home/ideapad/mini-project/grievance_api/controllers/complaintscontroller.js] [34mdebug[39m::: Body is {"subject":"Assignment","name":"Nitish kumar","enrollment":"2000195550","mobile":"9934478949","emailid":"edx.nitish@gmail.com","programme":"MCA","comments":"sargwestud"}
2022-02-27T10:04:12.264Z [/home/ideapad/mini-project/grievance_api/controllers/complaintscontroller.js] [34mdebug[39m::: Body is {"subject":"Assignment","name":"Nitish kumar","enrollment":"2000195550","mobile":"9934478949","emailid":"edx.nitish@gmail.com","programme":"MCA","comments":"sargwestud"}
2022-02-27T10:04:12.529Z [/home/ideapad/mini-project/grievance_api/controllers/complaintscontroller.js] [34mdebug[39m::: Body is {"subject":"Assignment","name":"Nitish kumar","enrollment":"2000195550","mobile":"9934478949","emailid":"edx.nitish@gmail.com","programme":"MCA","comments":"sargwestud"}
2022-02-27T10:04:12.767Z [/home/ideapad/mini-project/grievance_api/controllers/complaintscontroller.js] [34mdebug[39m::: Body is {"subject":"Assignment","name":"Nitish kumar","enrollment":"2000195550","mobile":"9934478949","emailid":"edx.nitish@gmail.com","programme":"MCA","comments":"sargwestud"}
2022-02-27T10:06:42.502Z [/home/ideapad/mini-project/grievance_api/controllers/complaintscontroller.js] [34mdebug[39m::: Body is {"subject":"Degree","name":"Nitish kumar","enrollment":"2000195550","mobile":"9934478949","emailid":"edx.nitish@gmail.com","programme":"MCA","comments":"ewasdada"}
2022-02-27T10:06:44.030Z [/home/ideapad/mini-project/grievance_api/controllers/complaintscontroller.js] [34mdebug[39m::: Body is {"subject":"Degree","name":"Nitish kumar","enrollment":"2000195550","mobile":"9934478949","emailid":"edx.nitish@gmail.com","programme":"MCA","comments":"ewasdada"}
2022-02-27T10:06:44.622Z [/home/ideapad/mini-project/grievance_api/controllers/complaintscontroller.js] [34mdebug[39m::: Body is {"subject":"Degree","name":"Nitish kumar","enrollment":"2000195550","mobile":"9934478949","emailid":"edx.nitish@gmail.com","programme":"MCA","comments":"ewasdada"}
2022-02-27T10:06:44.901Z [/home/ideapad/mini-project/grievance_api/controllers/complaintscontroller.js] [34mdebug[39m::: Body is {"subject":"Degree","name":"Nitish kumar","enrollment":"2000195550","mobile":"9934478949","emailid":"edx.nitish@gmail.com","programme":"MCA","comments":"ewasdada"}
2022-02-27T10:06:45.142Z [/home/ideapad/mini-project/grievance_api/controllers/complaintscontroller.js] [34mdebug[39m::: Body is {"subject":"Degree","name":"Nitish kumar","enrollment":"2000195550","mobile":"9934478949","emailid":"edx.nitish@gmail.com","programme":"MCA","comments":"ewasdada"}
2022-02-27T10:08:27.679Z [/home/ideapad/mini-project/grievance_api/controllers/complaintscontroller.js] [34mdebug[39m::: Body is {"subject":"luuuuuu","name":"Nitish kumar","enrollment":"2000195550","mobile":"9934478949","emailid":"edx.nitish@gmail.com","programme":"MCA","comments":"ewasdada"}
2022-02-27T10:08:29.269Z [/home/ideapad/mini-project/grievance_api/controllers/complaintscontroller.js] [34mdebug[39m::: Body is {"subject":"luuuuuu","name":"Nitish kumar","enrollment":"2000195550","mobile":"9934478949","emailid":"edx.nitish@gmail.com","programme":"MCA","comments":"ewasdada"}
2022-02-27T10:08:29.917Z [/home/ideapad/mini-project/grievance_api/controllers/complaintscontroller.js] [34mdebug[39m::: Body is {"subject":"luuuuuu","name":"Nitish kumar","enrollment":"2000195550","mobile":"9934478949","emailid":"edx.nitish@gmail.com","programme":"MCA","comments":"ewasdada"}
2022-02-27T10:08:30.205Z [/home/ideapad/mini-project/grievance_api/controllers/complaintscontroller.js] [34mdebug[39m::: Body is {"subject":"luuuuuu","name":"Nitish kumar","enrollment":"2000195550","mobile":"9934478949","emailid":"edx.nitish@gmail.com","programme":"MCA","comments":"ewasdada"}
2022-02-27T10:08:30.459Z [/home/ideapad/mini-project/grievance_api/controllers/complaintscontroller.js] [34mdebug[39m::: Body is {"subject":"luuuuuu","name":"Nitish kumar","enrollment":"2000195550","mobile":"9934478949","emailid":"edx.nitish@gmail.com","programme":"MCA","comments":"ewasdada"}
2022-02-27T10:08:30.666Z [/home/ideapad/mini-project/grievance_api/controllers/complaintscontroller.js] [34mdebug[39m::: Body is {"subject":"luuuuuu","name":"Nitish kumar","enrollment":"2000195550","mobile":"9934478949","emailid":"edx.nitish@gmail.com","programme":"MCA","comments":"ewasdada"}
2022-02-27T10:08:40.621Z [/home/ideapad/mini-project/grievance_api/controllers/complaintscontroller.js] [34mdebug[39m::: Body is {"subject":"yu","name":"ghjy","enrollment":"gyf6h","mobile":"h6gyf","emailid":"gyh","programme":"hg","comments":"gfyhf6r"}
2022-02-27T10:08:41.882Z [/home/ideapad/mini-project/grievance_api/controllers/complaintscontroller.js] [34mdebug[39m::: Body is {"subject":"yu","name":"ghjy","enrollment":"gyf6h","mobile":"h6gyf","emailid":"gyh","programme":"hg","comments":"gfyhf6r"}
2022-02-27T10:08:42.213Z [/home/ideapad/mini-project/grievance_api/controllers/complaintscontroller.js] [34mdebug[39m::: Body is {"subject":"yu","name":"ghjy","enrollment":"gyf6h","mobile":"h6gyf","emailid":"gyh","programme":"hg","comments":"gfyhf6r"}
2022-02-27T10:13:29.794Z [/home/ideapad/mini-project/grievance_api/controllers/complaintscontroller.js] [34mdebug[39m::: Body is {"subject":"Id Card","name":"Nitish kumar","enrollment":"2000195550","mobile":"9934478949","emailid":"edx.nitish@gmail.com","programme":"MCA","comments":"ytj"}
2022-02-27T10:13:32.592Z [/home/ideapad/mini-project/grievance_api/controllers/complaintscontroller.js] [34mdebug[39m::: Body is {"subject":"Id Card","name":"Nitish kumar","enrollment":"2000195550","mobile":"9934478949","emailid":"edx.nitish@gmail.com","programme":"MCA","comments":"ytj"}
2022-02-27T10:13:37.652Z [/home/ideapad/mini-project/grievance_api/controllers/complaintscontroller.js] [34mdebug[39m::: Body is {"subject":"Id Card","name":"Nitish kumar","enrollment":"2000195550","mobile":"9934478949","emailid":"edx.nitish@gmail.com","programme":"MCA","comments":"ytj"}
2022-02-27T10:13:49.540Z [/home/ideapad/mini-project/grievance_api/controllers/complaintscontroller.js] [34mdebug[39m::: Body is {"subject":"Id Cardhhh","name":"Nitish kumar","enrollment":"2000195550","mobile":"9934478949","emailid":"edx.nitish@gmail.com","programme":"MCA","comments":"ytj"}
2022-02-27T10:15:04.564Z [/home/ideapad/mini-project/grievance_api/controllers/complaintscontroller.js] [34mdebug[39m::: Body is {"subject":"Nitish kumar","name":"Nitish kumar","enrollment":"2000195550","mobile":"9934478949","emailid":"edx.nitish@gmail.com","programme":"MCA","comments":"yfghv"}
2022-02-27T10:15:17.044Z [/home/ideapad/mini-project/grievance_api/controllers/complaintscontroller.js] [34mdebug[39m::: Body is {"subject":"Nitish kumar","name":"Nitish kumar","enrollment":"2000195550","mobile":"9934478949","emailid":"edx.nitish@gmail.com","programme":"MCA","comments":"yfghv"}
2022-02-27T10:15:47.351Z [/home/ideapad/mini-project/grievance_api/app.js] [34mdebug[39m::: Server Started At 1122
2022-02-27T10:16:09.602Z [/home/ideapad/mini-project/grievance_api/controllers/complaintscontroller.js] [34mdebug[39m::: Body is {"subject":"Nitish kumar","name":"Nitish kumar","enrollment":"9934478949","mobile":"9934478949","emailid":"fg","programme":"fg","comments":"gfdh"}
2022-02-27T10:41:47.219Z [/home/ideapad/mini-project/grievance_api/controllers/complaintscontroller.js] [34mdebug[39m::: Body is {"subject":"Assignments","name":"Nitish kumar","enrollment":"2000195550","mobile":"9934478949","emailid":"edx.nitish@gmail.com","programme":"MCA","comments":"sde"}
2022-02-27T10:42:04.414Z [/home/ideapad/mini-project/grievance_api/app.js] [34mdebug[39m::: Server Started At 1122
2022-02-27T10:42:11.894Z [/home/ideapad/mini-project/grievance_api/controllers/complaintscontroller.js] [34mdebug[39m::: Body is {"subject":"Assignments","name":"Nitish kumar","enrollment":"2000195550","mobile":"9934478949","emailid":"edx.nitish@gmail.com","programme":"MCA","comments":"sde"}
2022-02-27T10:42:15.694Z [/home/ideapad/mini-project/grievance_api/controllers/complaintscontroller.js] [34mdebug[39m::: Body is {"subject":"Assignments","name":"Nitish kumar","enrollment":"2000195550","mobile":"9934478949","emailid":"ds","programme":"MCA","comments":"sde"}
2022-02-27T10:42:33.354Z [/home/ideapad/mini-project/grievance_api/app.js] [34mdebug[39m::: Server Started At 1122
2022-02-27T10:42:48.227Z [/home/ideapad/mini-project/grievance_api/controllers/complaintscontroller.js] [34mdebug[39m::: Body is {"subject":"Practicals","name":"gvfr","enrollment":"g","mobile":"grf","emailid":"gre","programme":"gr","comments":"gr"}
2022-02-27T10:44:26.316Z [/home/ideapad/mini-project/grievance_api/controllers/complaintscontroller.js] [34mdebug[39m::: Body is {"subject":"Practicals","name":"9himanshu","enrollment":"tfduhjn","mobile":"yghb","emailid":"ohiu;uilkj","programme":"oh","comments":"uhjuh"}
2022-02-27T13:48:53.681Z [/home/ideapad/mini-project/grievance_api/app.js] [34mdebug[39m::: Server Started At 1122
2022-02-28T12:32:52.240Z [/home/ideapad/mini-project/grievance_api/app.js] [34mdebug[39m::: Server Started At 1122
2022-02-28T12:33:13.248Z [/home/ideapad/mini-project/grievance_api/app.js] [34mdebug[39m::: Server Started At 1122
2022-02-28T13:07:32.618Z [/home/ideapad/mini-project/grievance_api/controllers/complaintscontroller.js] [34mdebug[39m::: Body is {"subject":"admission","name":"Bhole ka dukan","enrollment":"5485854","mobile":"787848484","emailid":"jgf@mail.com","programme":"MCA","comments":"enrollment not fond"}
2022-02-28T13:47:24.826Z [/home/ideapad/mini-project/grievance_api/app.js] [34mdebug[39m::: Server Started At 1122
2022-03-29T14:35:57.727Z [/home/ideapad/mini-project/grievance_api/app.js] [34mdebug[39m::: Server Started At 1122
2022-04-06T11:42:45.164Z [/home/ideapad/mini-project/grievance_api/app.js] [34mdebug[39m::: Server Started At 1122
2022-04-09T10:58:49.415Z [/home/ideapad/mini-project/grievance_api/app.js] [34mdebug[39m::: Server Started At 1122
2022-04-09T12:00:24.780Z [/home/ideapad/mini-project/grievance_api/app.js] [34mdebug[39m::: Server Started At 1122
2022-04-09T12:05:34.374Z [/home/ideapad/mini-project/grievance_api/app.js] [34mdebug[39m::: Server Started At 1122
2022-04-09T18:11:48.014Z [/home/ideapad/mini-project/grievance_api/app.js] [34mdebug[39m::: Server Started At 1122
2022-04-10T12:21:09.869Z [/home/ideapad/mini-project/grievance_api/app.js] [34mdebug[39m::: Server Started At 1122
2022-04-12T13:03:19.224Z [/home/ideapad/mini-project/grievance_api/app.js] [34mdebug[39m::: Server Started At 1122
2022-04-12T18:19:10.164Z [/home/ideapad/mini-project/grievance_api/app.js] [34mdebug[39m::: Server Started At 1122
2022-04-22T15:31:13.432Z [/home/ideapad/mini-project/grievance_api/app.js] [34mdebug[39m::: Server Started At 1122
2022-04-23T02:00:26.123Z [/home/ideapad/mini-project/grievance_api/app.js] [34mdebug[39m::: Server Started At 1122
2022-06-15T22:43:25.992Z [/home/ideapad/mini-project/grievance_api/app.js] [34mdebug[39m::: Server Started At 1122
2022-06-15T22:45:37.672Z [/home/ideapad/mini-project/grievance_api/controllers/complaintscontroller.js] [34mdebug[39m::: Body is {"subject":"Choose...","name":"","enrollment":"","mobile":"","emailid":"","programme":"","comments":""}
2022-06-15T22:45:54.530Z [/home/ideapad/mini-project/grievance_api/controllers/complaintscontroller.js] [34mdebug[39m::: Body is {"subject":"Assignments","name":"nitish","enrollment":"24485","mobile":"rgt","emailid":"rdgt","programme":"fdgv","comments":"dtge"}
2022-06-15T22:53:37.248Z [/home/ideapad/mini-project/grievance_api/app.js] [34mdebug[39m::: Server Started At 1122
2022-07-28T13:13:18.947Z [/home/lenovo/mini-project/grievance_api/app.js] [34mdebug[39m::: Server Started At 1122
2022-09-17T02:52:34.425Z [/home/intel/mini-project/grievance_api/app.js] [34mdebug[39m::: Server Started At 1122
2022-09-17T09:31:50.852Z [/home/intel/mini-project/grievance_api/app.js] [34mdebug[39m::: Server Started At 1122
2022-09-17T10:29:33.898Z [/home/intel/mini-project/grievance_api/app.js] [34mdebug[39m::: Server Started At 1122
2022-09-17T10:40:20.200Z [/home/intel/mini-project/grievance_api/app.js] [34mdebug[39m::: Server Started At 1122
2022-09-17T10:41:08.472Z [/home/intel/mini-project/grievance_api/app.js] [34mdebug[39m::: Server Started At 1122
2022-09-17T10:41:47.198Z [/home/intel/mini-project/grievance_api/app.js] [34mdebug[39m::: Server Started At 1122
2022-09-17T11:36:36.902Z [/home/intel/mini-project/grievance_api/app.js] [34mdebug[39m::: Server Started At 1122
2022-09-17T11:40:00.382Z [/home/intel/mini-project/grievance_api/controllers/complaintscontroller.js] [34mdebug[39m::: Body is {"subject":"Projects","name":"Nitish ","enrollment":"2000195550","mobile":"9934478949","emailid":"edx.nitish@gmail.com","programme":"mca","comments":"mini project"}
2022-09-17T14:37:08.997Z [/home/intel/mini-project/grievance_api/app.js] [34mdebug[39m::: Server Started At 1122
